[00:14:48] [main/INFO] (FabricLoader/GameProvider) Loading Minecraft 1.21 with Fabric Loader 0.16.5
[00:14:48] [main/INFO] (FabricLoader) Loading 59 mods:
	- architectury 13.0.6
	- extra_command 1.0.0
	- fabric-api 0.102.0+1.21
	- fabric-api-base 0.4.42+6573ed8cd1
	- fabric-api-lookup-api-v1 1.6.68+b5597344d1
	- fabric-biome-api-v1 13.0.29+5bd9f1bcd1
	- fabric-block-api-v1 1.0.22+0af3f5a7d1
	- fabric-block-view-api-v2 1.0.10+6573ed8cd1
	- fabric-blockrenderlayer-v1 1.1.52+0af3f5a7d1
	- fabric-client-tags-api-v1 1.1.15+6573ed8cd1
	- fabric-command-api-v1 1.2.49+f71b366fd1
	- fabric-command-api-v2 2.2.28+6ced4dd9d1
	- fabric-commands-v0 0.2.66+df3654b3d1
	- fabric-content-registries-v0 8.0.16+b5597344d1
	- fabric-convention-tags-v1 2.0.19+7f945d5bd1
	- fabric-convention-tags-v2 2.5.0+c5e2b5c6d1
	- fabric-crash-report-info-v1 0.2.29+0af3f5a7d1
	- fabric-data-attachment-api-v1 1.1.27+6a6dfa19d1
	- fabric-data-generation-api-v1 20.2.16+16c4ae25d1
	- fabric-dimensions-v1 4.0.0+6fc22b99d1
	- fabric-entity-events-v1 1.6.12+6fc22b99d1
	- fabric-events-interaction-v0 0.7.12+ba9dae06d1
	- fabric-game-rule-api-v1 1.0.53+6ced4dd9d1
	- fabric-gametest-api-v1 2.0.4+6fc22b99d1
	- fabric-item-api-v1 11.0.0+afdfc921d1
	- fabric-item-group-api-v1 4.1.4+78017270d1
	- fabric-key-binding-api-v1 1.0.47+0af3f5a7d1
	- fabric-keybindings-v0 0.2.45+df3654b3d1
	- fabric-lifecycle-events-v1 2.3.12+6c1df360d1
	- fabric-loot-api-v2 3.0.14+3f89f5a5d1
	- fabric-loot-api-v3 1.0.2+3f89f5a5d1
	- fabric-message-api-v1 6.0.13+6573ed8cd1
	- fabric-model-loading-api-v1 2.0.0+fe474d6bd1
	- fabric-networking-api-v1 4.2.2+60c3209bd1
	- fabric-object-builder-api-v1 15.2.0+a551f7a4d1
	- fabric-particles-v1 4.0.2+6573ed8cd1
	- fabric-recipe-api-v1 5.0.12+65089712d1
	- fabric-registry-sync-v0 5.1.2+60c3209bd1
	- fabric-renderer-api-v1 3.4.0+c705a49cd1
	- fabric-renderer-indigo 1.7.0+c705a49cd1
	- fabric-renderer-registries-v1 3.2.68+df3654b3d1
	- fabric-rendering-data-attachment-v1 0.3.48+73761d2ed1
	- fabric-rendering-fluids-v1 3.1.6+b5597344d1
	- fabric-rendering-v0 1.1.71+df3654b3d1
	- fabric-rendering-v1 5.0.5+df16efd0d1
	- fabric-resource-conditions-api-v1 4.3.0+8dc279b1d1
	- fabric-resource-loader-v0 1.3.0+56599129d1
	- fabric-screen-api-v1 2.0.24+b5597344d1
	- fabric-screen-handler-api-v1 1.3.86+b5597344d1
	- fabric-sound-api-v1 1.0.23+6573ed8cd1
	- fabric-transfer-api-v1 5.1.16+3dccd343d1
	- fabric-transitive-access-wideners-v1 6.1.0+176f9036d1
	- fabricloader 0.16.5
	- generated_a4446ca 1.0.0
	- generated_ddc2849 1.0.0
	- java 21
	- legacy_command_registry 1.1.0
	- minecraft 1.21
	- mixinextras 0.4.1
[00:14:48] [main/INFO] (FabricLoader/Mixin) SpongePowered MIXIN Subsystem Version=0.8.7 Source=file:/C:/Users/a/.gradle/caches/modules-2/files-2.1/net.fabricmc/sponge-mixin/0.15.2+mixin.0.8.7/2af2f021d8e02a0220dc27a7a72b4666d66d44ca/sponge-mixin-0.15.2+mixin.0.8.7.jar Service=Knot/Fabric Env=CLIENT
[00:14:48] [main/INFO] (FabricLoader/Mixin) Loaded Fabric development mappings for mixin remapper!
[00:14:48] [main/INFO] (FabricLoader/Mixin) Compatibility level set to JAVA_21
[00:14:50] [main/INFO] (FabricLoader/MixinExtras|Service) Initializing MixinExtras via com.llamalad7.mixinextras.service.MixinExtrasServiceImpl(version=0.4.1).
[00:14:52] [Datafixer Bootstrap/INFO] (Minecraft) 226 Datafixer optimizations took 590 milliseconds
[00:14:59] [Render thread/INFO] (Minecraft) Environment: Environment[sessionHost=https://sessionserver.mojang.com, servicesHost=https://api.minecraftservices.com, name=PROD]
[00:14:59] [Render thread/INFO] (Minecraft) Setting user: Player721
[00:14:59] [Render thread/INFO] (NetworkManagerImpl) Registering C2S receiver with id legacy_command_registry:c2s_get_suggestion
[00:14:59] [Render thread/INFO] (NetworkManagerImpl) Registering S2C receiver with id legacy_command_registry:s2c_send_key_commands
[00:14:59] [Render thread/INFO] (NetworkManagerImpl) Registering S2C receiver with id legacy_command_registry:s2c_send_set_commands
[00:14:59] [Render thread/INFO] (NetworkManagerImpl) Registering S2C receiver with id legacy_command_registry:s2c_window_operation
[00:14:59] [Render thread/INFO] (Indigo) [Indigo] Registering Indigo renderer!
[00:14:59] [Render thread/INFO] (NetworkManagerImpl) Registering S2C receiver with id architectury:spawn_entity_packet
[00:15:00] [Render thread/INFO] (Minecraft) Backend library: LWJGL version 3.3.3-snapshot
[00:15:01] [Render thread/INFO] (Minecraft) Reloading ResourceManager: vanilla, fabric, fabric-api, fabric-api-base, fabric-api-lookup-api-v1, fabric-biome-api-v1, fabric-block-api-v1, fabric-block-view-api-v2, fabric-blockrenderlayer-v1, fabric-client-tags-api-v1, fabric-command-api-v1, fabric-command-api-v2, fabric-commands-v0, fabric-content-registries-v0, fabric-convention-tags-v1, fabric-convention-tags-v2, fabric-crash-report-info-v1, fabric-data-attachment-api-v1, fabric-data-generation-api-v1, fabric-dimensions-v1, fabric-entity-events-v1, fabric-events-interaction-v0, fabric-game-rule-api-v1, fabric-gametest-api-v1, fabric-item-api-v1, fabric-item-group-api-v1, fabric-key-binding-api-v1, fabric-keybindings-v0, fabric-lifecycle-events-v1, fabric-loot-api-v2, fabric-loot-api-v3, fabric-message-api-v1, fabric-model-loading-api-v1, fabric-networking-api-v1, fabric-object-builder-api-v1, fabric-particles-v1, fabric-recipe-api-v1, fabric-registry-sync-v0, fabric-renderer-api-v1, fabric-renderer-indigo, fabric-renderer-registries-v1, fabric-rendering-data-attachment-v1, fabric-rendering-fluids-v1, fabric-rendering-v0, fabric-rendering-v1, fabric-resource-conditions-api-v1, fabric-resource-loader-v0, fabric-screen-api-v1, fabric-screen-handler-api-v1, fabric-sound-api-v1, fabric-transfer-api-v1, fabric-transitive-access-wideners-v1, fabricloader
[00:15:01] [Worker-Main-13/INFO] (Minecraft) Found unifont_all_no_pua-15.1.05.hex, loading
[00:15:02] [Worker-Main-3/INFO] (Minecraft) Found unifont_jp_patch-15.1.05.hex, loading
[00:15:03] [Render thread/WARN] (Minecraft) Missing sound for event: minecraft:item.goat_horn.play
[00:15:03] [Render thread/WARN] (Minecraft) Missing sound for event: minecraft:entity.goat.screaming.horn_break
[00:15:03] [Render thread/INFO] (Minecraft) OpenAL initialized on device OpenAL Soft on PH27QA2 (NVIDIA High Definition Audio)
[00:15:03] [Render thread/INFO] (Minecraft) Sound engine started
[00:15:03] [Render thread/INFO] (Minecraft) Created: 1024x512x4 minecraft:textures/atlas/blocks.png-atlas
[00:15:03] [Render thread/INFO] (Minecraft) Created: 256x256x4 minecraft:textures/atlas/signs.png-atlas
[00:15:03] [Render thread/INFO] (Minecraft) Created: 512x512x4 minecraft:textures/atlas/banner_patterns.png-atlas
[00:15:03] [Render thread/INFO] (Minecraft) Created: 512x512x4 minecraft:textures/atlas/shield_patterns.png-atlas
[00:15:03] [Render thread/INFO] (Minecraft) Created: 1024x1024x4 minecraft:textures/atlas/armor_trims.png-atlas
[00:15:03] [Render thread/INFO] (Minecraft) Created: 256x256x4 minecraft:textures/atlas/chest.png-atlas
[00:15:03] [Render thread/INFO] (Minecraft) Created: 128x64x4 minecraft:textures/atlas/decorated_pot.png-atlas
[00:15:03] [Render thread/INFO] (Minecraft) Created: 512x256x4 minecraft:textures/atlas/beds.png-atlas
[00:15:03] [Render thread/INFO] (Minecraft) Created: 512x256x4 minecraft:textures/atlas/shulker_boxes.png-atlas
[00:15:03] [Render thread/INFO] (Minecraft) Created: 512x256x0 minecraft:textures/atlas/particles.png-atlas
[00:15:03] [Render thread/INFO] (Minecraft) Created: 512x256x0 minecraft:textures/atlas/paintings.png-atlas
[00:15:03] [Render thread/INFO] (Minecraft) Created: 256x128x0 minecraft:textures/atlas/mob_effects.png-atlas
[00:15:03] [Render thread/INFO] (Minecraft) Created: 64x64x0 minecraft:textures/atlas/map_decorations.png-atlas
[00:15:03] [Render thread/INFO] (Minecraft) Created: 1024x512x0 minecraft:textures/atlas/gui.png-atlas
[00:15:03] [Render thread/WARN] (Minecraft) Shader rendertype_entity_translucent_emissive could not find sampler named Sampler2 in the specified shader program.
[00:15:16] [Render thread/INFO] (Minecraft) Loaded 1290 recipes
[00:15:16] [Render thread/INFO] (Minecraft) Loaded 1399 advancements
[00:15:17] [Render thread/INFO] (BiomeModificationImpl) Applied 0 biome modifications to 0 of 64 new biomes in 1.232 ms
[00:15:17] [Server thread/INFO] (Minecraft) Starting integrated minecraft server version 1.21
[00:15:17] [Server thread/INFO] (Minecraft) Generating keypair
[00:15:17] [Server thread/INFO] (Minecraft) Preparing start region for dimension minecraft:overworld
[00:15:17] [Render thread/INFO] (Minecraft) 准备生成区域中：0%
[00:15:17] [Render thread/INFO] (Minecraft) Time elapsed: 385 ms
[00:15:18] [Server thread/INFO] (Minecraft) Changing view distance to 12, from 10
[00:15:18] [Server thread/INFO] (Minecraft) Changing simulation distance to 12, from 0
[00:15:18] [Server thread/INFO] (Minecraft) Player721[local:E:c7e40909] logged in with entity id 20 at (107.38536237630338, -53.0, -30.039998394326574)
[00:15:19] [Server thread/INFO] (Minecraft) Player721加入了游戏
[00:15:19] [Render thread/INFO] (Minecraft) Loaded 2 advancements
[00:15:38] [Server thread/INFO] (Minecraft) Saving and pausing game...
[00:15:39] [Server thread/INFO] (Minecraft) Saving chunks for level 'ServerLevel[新的世界]'/minecraft:overworld
[00:15:39] [Server thread/INFO] (Minecraft) Saving chunks for level 'ServerLevel[新的世界]'/minecraft:the_nether
[00:15:39] [Server thread/INFO] (Minecraft) Saving chunks for level 'ServerLevel[新的世界]'/minecraft:the_end
[00:15:39] [Server thread/INFO] (Minecraft) Player721 lost connection: 连接中断
[00:15:39] [Server thread/INFO] (Minecraft) Player721退出了游戏
[00:15:39] [Server thread/INFO] (Minecraft) Stopping singleplayer server as player logged out
[00:15:39] [Server thread/INFO] (Minecraft) Stopping server
[00:15:39] [Server thread/INFO] (Minecraft) Saving players
[00:15:39] [Server thread/INFO] (Minecraft) Saving worlds
[00:15:39] [Server thread/INFO] (Minecraft) Saving chunks for level 'ServerLevel[新的世界]'/minecraft:overworld
[00:15:39] [Server thread/INFO] (Minecraft) Saving chunks for level 'ServerLevel[新的世界]'/minecraft:the_nether
[00:15:39] [Server thread/INFO] (Minecraft) Saving chunks for level 'ServerLevel[新的世界]'/minecraft:the_end
[00:15:39] [Server thread/INFO] (Minecraft) ThreadedAnvilChunkStorage (新的世界 (1)): All chunks are saved
[00:15:39] [Server thread/INFO] (Minecraft) ThreadedAnvilChunkStorage (DIM-1): All chunks are saved
[00:15:39] [Server thread/INFO] (Minecraft) ThreadedAnvilChunkStorage (DIM1): All chunks are saved
[00:15:39] [Server thread/INFO] (Minecraft) ThreadedAnvilChunkStorage: All dimensions are saved
[00:15:44] [Render thread/INFO] (Minecraft) Loaded 1290 recipes
[00:15:44] [Render thread/INFO] (Minecraft) Loaded 1399 advancements
[00:15:44] [Render thread/INFO] (BiomeModificationImpl) Applied 0 biome modifications to 0 of 64 new biomes in 398.8 μs
[00:15:44] [Server thread/INFO] (Minecraft) Starting integrated minecraft server version 1.21
[00:15:44] [Server thread/INFO] (Minecraft) Generating keypair
[00:15:44] [Server thread/INFO] (Minecraft) Preparing start region for dimension minecraft:overworld
[00:15:44] [Render thread/INFO] (Minecraft) 准备生成区域中：0%
[00:15:44] [Render thread/INFO] (Minecraft) Time elapsed: 78 ms
[00:15:44] [Server thread/INFO] (Minecraft) Changing view distance to 12, from 10
[00:15:44] [Server thread/INFO] (Minecraft) Changing simulation distance to 12, from 0
[00:15:44] [Server thread/INFO] (Minecraft) Player721[local:E:36295492] logged in with entity id 142 at (107.78063745140514, -53.0, -29.30684904247953)
[00:15:45] [Server thread/INFO] (Minecraft) Player721加入了游戏
[00:15:45] [Render thread/INFO] (Minecraft) Loaded 2 advancements
[00:15:53] [Server thread/INFO] (Minecraft) Saving and pausing game...
[00:15:53] [Server thread/INFO] (Minecraft) Saving chunks for level 'ServerLevel[新的世界]'/minecraft:overworld
[00:15:54] [Server thread/INFO] (Minecraft) Saving chunks for level 'ServerLevel[新的世界]'/minecraft:the_nether
[00:15:54] [Server thread/INFO] (Minecraft) Saving chunks for level 'ServerLevel[新的世界]'/minecraft:the_end
[00:15:59] [Thread-1/INFO] (Minecraft) [STDOUT]: [Architectury Transformer] Detected File Modification at extra_command-common-1.0.0-dev.jar
[00:15:59] [Thread-1/INFO] (Minecraft) [STDOUT]: [Architectury Transformer] Redefined 2 class(es) from D:\proj\extra_command-1.21-fabric-neoforge-quilt-template\common\build\devlibs\extra_command-common-1.0.0-dev.jar in 173.6 ms
[00:16:04] [Thread-1/INFO] (Minecraft) [STDOUT]: [Architectury Transformer] Detected File Modification at extra_command-common-1.0.0-dev.jar
[00:16:06] [Server thread/INFO] (Minecraft) [Player721: 重新加载中！]
[00:16:06] [Render thread/INFO] (Minecraft) [System] [CHAT] 重新加载中！
[00:16:07] [Server thread/INFO] (Minecraft) Loaded 1290 recipes
[00:16:07] [Server thread/INFO] (Minecraft) Loaded 1399 advancements
[00:16:07] [Render thread/INFO] (Minecraft) Loaded 2 advancements
[00:16:17] [Server thread/INFO] (Minecraft) Saving and pausing game...
[00:16:17] [Server thread/INFO] (Minecraft) Saving chunks for level 'ServerLevel[新的世界]'/minecraft:overworld
[00:16:17] [Server thread/INFO] (Minecraft) Saving chunks for level 'ServerLevel[新的世界]'/minecraft:the_nether
[00:16:17] [Server thread/INFO] (Minecraft) Saving chunks for level 'ServerLevel[新的世界]'/minecraft:the_end
[00:16:18] [Server thread/INFO] (Minecraft) Player721 lost connection: 连接中断
[00:16:18] [Server thread/INFO] (Minecraft) Player721退出了游戏
[00:16:18] [Server thread/INFO] (Minecraft) Stopping singleplayer server as player logged out
[00:16:18] [Server thread/INFO] (Minecraft) Stopping server
[00:16:18] [Server thread/INFO] (Minecraft) Saving players
[00:16:18] [Server thread/INFO] (Minecraft) Saving worlds
[00:16:18] [Server thread/INFO] (Minecraft) Saving chunks for level 'ServerLevel[新的世界]'/minecraft:overworld
[00:16:18] [Server thread/INFO] (Minecraft) Saving chunks for level 'ServerLevel[新的世界]'/minecraft:the_nether
[00:16:18] [Server thread/INFO] (Minecraft) Saving chunks for level 'ServerLevel[新的世界]'/minecraft:the_end
[00:16:18] [Server thread/INFO] (Minecraft) ThreadedAnvilChunkStorage (新的世界 (1)): All chunks are saved
[00:16:18] [Server thread/INFO] (Minecraft) ThreadedAnvilChunkStorage (DIM-1): All chunks are saved
[00:16:18] [Server thread/INFO] (Minecraft) ThreadedAnvilChunkStorage (DIM1): All chunks are saved
[00:16:18] [Server thread/INFO] (Minecraft) ThreadedAnvilChunkStorage: All dimensions are saved
[00:16:20] [Render thread/INFO] (Minecraft) Loaded 1290 recipes
[00:16:20] [Render thread/INFO] (Minecraft) Loaded 1399 advancements
[00:16:20] [Render thread/INFO] (BiomeModificationImpl) Applied 0 biome modifications to 0 of 64 new biomes in 180.3 μs
[00:16:20] [Server thread/INFO] (Minecraft) Starting integrated minecraft server version 1.21
[00:16:20] [Server thread/INFO] (Minecraft) Generating keypair
[00:16:20] [Server thread/INFO] (Minecraft) Preparing start region for dimension minecraft:overworld
[00:16:20] [Render thread/INFO] (Minecraft) 准备生成区域中：0%
[00:16:20] [Server thread/INFO] (Minecraft) Changing view distance to 12, from 10
[00:16:20] [Server thread/INFO] (Minecraft) Changing simulation distance to 12, from 0
[00:16:20] [Render thread/INFO] (Minecraft) Time elapsed: 39 ms
[00:16:21] [Server thread/INFO] (Minecraft) Player721[local:E:2921be92] logged in with entity id 281 at (101.3337723748327, -54.0, -25.258616723244685)
[00:16:21] [Server thread/INFO] (Minecraft) Player721加入了游戏
[00:16:21] [Render thread/INFO] (Minecraft) Loaded 2 advancements
[00:16:26] [Render thread/INFO] (Minecraft) [System] [CHAT] title 
[00:16:27] [Render thread/INFO] (Minecraft) [System] [CHAT] java.lang.ArrayIndexOutOfBoundsException: Index 2 out of bounds for length 2
[00:16:29] [Render thread/INFO] (Minecraft) [System] [CHAT] No Suggestions!
[00:16:29] [Render thread/INFO] (Minecraft) [System] [CHAT] No Suggestions!
[00:16:30] [Render thread/INFO] (Minecraft) [System] [CHAT] No Suggestions!
[00:16:30] [Render thread/INFO] (Minecraft) [System] [CHAT] No Suggestions!
[00:16:36] [Render thread/INFO] (Minecraft) [System] [CHAT] java.lang.ArrayIndexOutOfBoundsException: Index 2 out of bounds for length 2
[00:16:36] [Server thread/INFO] (Minecraft) Saving and pausing game...
[00:16:36] [Server thread/INFO] (Minecraft) Saving chunks for level 'ServerLevel[新的世界]'/minecraft:overworld
[00:16:36] [Server thread/INFO] (Minecraft) Saving chunks for level 'ServerLevel[新的世界]'/minecraft:the_nether
[00:16:37] [Server thread/INFO] (Minecraft) Saving chunks for level 'ServerLevel[新的世界]'/minecraft:the_end
[00:16:42] [Render thread/INFO] (Minecraft) [System] [CHAT] No Suggestions!
[00:16:42] [Render thread/INFO] (Minecraft) [System] [CHAT] No Suggestions!
[00:16:54] [Server thread/WARN] (Minecraft) Can't keep up! Is the server overloaded? Running 8850ms or 177 ticks behind
[00:16:54] [Render thread/INFO] (Minecraft) [System] [CHAT] No Suggestions!
[00:17:01] [Render thread/INFO] (Minecraft) [System] [CHAT] @e @a @s @p @r Player721 
[00:17:02] [Render thread/INFO] (Minecraft) [System] [CHAT] @e @a @s @p @r Player721 
[00:17:05] [Render thread/INFO] (Minecraft) [System] [CHAT] @e @a @s @p @r Player721 
[00:17:11] [Render thread/INFO] (Minecraft) [System] [CHAT] @e @a @s @p @r Player721 
[00:17:53] [Thread-1/INFO] (Minecraft) [STDOUT]: [Architectury Transformer] Detected File Modification at extra_command-common-1.0.0-dev.jar
[00:17:53] [Thread-1/INFO] (Minecraft) [STDOUT]: [Architectury Transformer] Redefined 1 class(es) from D:\proj\extra_command-1.21-fabric-neoforge-quilt-template\common\build\devlibs\extra_command-common-1.0.0-dev.jar in 57.55 ms
[00:17:54] [Render thread/INFO] (Minecraft) [System] [CHAT] @e @a @s @p @r Player721 
[00:17:55] [Render thread/INFO] (Minecraft) [System] [CHAT] @e @a @s @p @r Player721 
[00:17:55] [Render thread/INFO] (Minecraft) [System] [CHAT] @e @a @s @p @r Player721 
[00:17:57] [Render thread/INFO] (Minecraft) [System] [CHAT] title 
[00:17:58] [Render thread/INFO] (Minecraft) [System] [CHAT] title 
[00:17:58] [Thread-1/INFO] (Minecraft) [STDOUT]: [Architectury Transformer] Detected File Modification at extra_command-common-1.0.0-dev.jar
[00:17:59] [Render thread/INFO] (Minecraft) [System] [CHAT] No Suggestions!
[00:18:00] [Render thread/INFO] (Minecraft) [System] [CHAT] No Suggestions!
[00:18:17] [Server thread/WARN] (Minecraft) Can't keep up! Is the server overloaded? Running 9427ms or 188 ticks behind
[00:18:17] [Render thread/INFO] (Minecraft) [System] [CHAT] No Suggestions!
[00:18:19] [Render thread/INFO] (Minecraft) [System] [CHAT] java.lang.ArrayIndexOutOfBoundsException: Index 3 out of bounds for length 3
[00:18:27] [Thread-1/INFO] (Minecraft) [STDOUT]: [Architectury Transformer] Detected File Modification at extra_command-common-1.0.0-dev.jar
[00:18:27] [Thread-1/INFO] (Minecraft) [STDOUT]: [Architectury Transformer] Redefined 1 class(es) from D:\proj\extra_command-1.21-fabric-neoforge-quilt-template\common\build\devlibs\extra_command-common-1.0.0-dev.jar in 50.72 ms
[00:18:27] [Render thread/INFO] (Minecraft) [System] [CHAT] title 
[00:18:28] [Render thread/INFO] (Minecraft) [System] [CHAT] set 
[00:18:32] [Thread-1/INFO] (Minecraft) [STDOUT]: [Architectury Transformer] Detected File Modification at extra_command-common-1.0.0-dev.jar
[00:18:35] [Server thread/INFO] (Minecraft) Saving and pausing game...
[00:18:35] [Server thread/INFO] (Minecraft) Saving chunks for level 'ServerLevel[新的世界]'/minecraft:overworld
[00:18:35] [Server thread/INFO] (Minecraft) Saving chunks for level 'ServerLevel[新的世界]'/minecraft:the_nether
[00:18:36] [Server thread/INFO] (Minecraft) Saving chunks for level 'ServerLevel[新的世界]'/minecraft:the_end
[00:18:42] [Server thread/INFO] (Minecraft) Saving and pausing game...
[00:18:42] [Server thread/INFO] (Minecraft) Saving chunks for level 'ServerLevel[新的世界]'/minecraft:overworld
[00:18:42] [Server thread/INFO] (Minecraft) Saving chunks for level 'ServerLevel[新的世界]'/minecraft:the_nether
[00:18:42] [Server thread/INFO] (Minecraft) Saving chunks for level 'ServerLevel[新的世界]'/minecraft:the_end
[00:19:10] [Server thread/INFO] (Minecraft) Saving and pausing game...
[00:19:10] [Server thread/INFO] (Minecraft) Saving chunks for level 'ServerLevel[新的世界]'/minecraft:overworld
[00:19:10] [Server thread/INFO] (Minecraft) Saving chunks for level 'ServerLevel[新的世界]'/minecraft:the_nether
[00:19:10] [Server thread/INFO] (Minecraft) Saving chunks for level 'ServerLevel[新的世界]'/minecraft:the_end
[00:19:28] [Render thread/INFO] (Minecraft) [System] [CHAT] java.lang.ArrayIndexOutOfBoundsException: Index 4 out of bounds for length 4
[00:19:32] [Render thread/INFO] (Minecraft) [System] [CHAT] No Suggestions!
[00:19:33] [Render thread/INFO] (Minecraft) [System] [CHAT] No Suggestions!
[00:19:34] [Render thread/INFO] (Minecraft) [System] [CHAT] No Suggestions!
[00:19:34] [Render thread/INFO] (Minecraft) [System] [CHAT] No Suggestions!
[00:19:34] [Render thread/INFO] (Minecraft) [System] [CHAT] No Suggestions!
[00:19:59] [Server thread/INFO] (Minecraft) Saving and pausing game...
[00:19:59] [Server thread/INFO] (Minecraft) Saving chunks for level 'ServerLevel[新的世界]'/minecraft:overworld
[00:19:59] [Server thread/INFO] (Minecraft) Saving chunks for level 'ServerLevel[新的世界]'/minecraft:the_nether
[00:19:59] [Server thread/INFO] (Minecraft) Saving chunks for level 'ServerLevel[新的世界]'/minecraft:the_end
[00:23:07] [Server thread/WARN] (Minecraft) Can't keep up! Is the server overloaded? Running 178496ms or 3569 ticks behind
[00:23:10] [Server thread/INFO] (Minecraft) Saving and pausing game...
[00:23:10] [Server thread/INFO] (Minecraft) Saving chunks for level 'ServerLevel[新的世界]'/minecraft:overworld
[00:23:10] [Server thread/INFO] (Minecraft) Saving chunks for level 'ServerLevel[新的世界]'/minecraft:the_nether
[00:23:10] [Server thread/INFO] (Minecraft) Saving chunks for level 'ServerLevel[新的世界]'/minecraft:the_end
[00:23:26] [Thread-1/INFO] (Minecraft) [STDOUT]: [Architectury Transformer] Detected File Modification at extra_command-common-1.0.0-dev.jar
[00:23:26] [Thread-1/INFO] (Minecraft) [STDOUT]: [Architectury Transformer] Redefined 2 class(es) from D:\proj\extra_command-1.21-fabric-neoforge-quilt-template\common\build\devlibs\extra_command-common-1.0.0-dev.jar in 60.09 ms
[00:23:31] [Thread-1/INFO] (Minecraft) [STDOUT]: [Architectury Transformer] Detected File Modification at extra_command-common-1.0.0-dev.jar
[00:23:38] [Render thread/INFO] (Minecraft) [System] [CHAT] @e @a @s @p @r Player721 
[00:23:40] [Render thread/INFO] (Minecraft) [System] [CHAT] title 
[00:23:40] [Render thread/INFO] (Minecraft) [System] [CHAT] set reset 
[00:23:41] [Render thread/INFO] (Minecraft) [System] [CHAT] No Suggestions!
[00:24:00] [Render thread/INFO] (Minecraft) [System] [CHAT] 未知的选项“wwww”
[00:24:08] [Server thread/INFO] (Minecraft) Saving and pausing game...
[00:24:08] [Server thread/INFO] (Minecraft) Saving chunks for level 'ServerLevel[新的世界]'/minecraft:overworld
[00:24:08] [Server thread/INFO] (Minecraft) Saving chunks for level 'ServerLevel[新的世界]'/minecraft:the_nether
[00:24:08] [Server thread/INFO] (Minecraft) Saving chunks for level 'ServerLevel[新的世界]'/minecraft:the_end
[00:24:29] [Render thread/INFO] (Minecraft) [System] [CHAT] java.lang.ArrayIndexOutOfBoundsException: Index 4 out of bounds for length 4
[00:24:36] [Render thread/INFO] (Minecraft) [System] [CHAT] set reset 
[00:24:45] [Server thread/INFO] (Minecraft) [Player721: 已将1个[命令方块]给予Player721]
[00:24:45] [Render thread/INFO] (Minecraft) [System] [CHAT] 已将1个[命令方块]给予Player721
[00:24:47] [Server thread/INFO] (Minecraft) Saving and pausing game...
[00:24:47] [Server thread/INFO] (Minecraft) Saving chunks for level 'ServerLevel[新的世界]'/minecraft:overworld
[00:24:47] [Server thread/INFO] (Minecraft) Saving chunks for level 'ServerLevel[新的世界]'/minecraft:the_nether
[00:24:47] [Server thread/INFO] (Minecraft) Saving chunks for level 'ServerLevel[新的世界]'/minecraft:the_end
[00:24:50] [Render thread/INFO] (Minecraft) [System] [CHAT] 成功设置命令：/player @s title reset
[00:24:59] [Server thread/INFO] (Minecraft) Saving and pausing game...
[00:24:59] [Server thread/INFO] (Minecraft) Saving chunks for level 'ServerLevel[新的世界]'/minecraft:overworld
[00:24:59] [Server thread/INFO] (Minecraft) Saving chunks for level 'ServerLevel[新的世界]'/minecraft:the_nether
[00:24:59] [Server thread/INFO] (Minecraft) Saving chunks for level 'ServerLevel[新的世界]'/minecraft:the_end
[00:25:05] [Render thread/INFO] (Minecraft) [System] [CHAT] 成功设置命令：/player @s title set aaabbbccc
[00:25:09] [Server thread/INFO] (Minecraft) Saving and pausing game...
[00:25:09] [Server thread/INFO] (Minecraft) Saving chunks for level 'ServerLevel[新的世界]'/minecraft:overworld
[00:25:09] [Server thread/INFO] (Minecraft) Saving chunks for level 'ServerLevel[新的世界]'/minecraft:the_nether
[00:25:09] [Server thread/INFO] (Minecraft) Saving chunks for level 'ServerLevel[新的世界]'/minecraft:the_end
[00:25:12] [Render thread/INFO] (Minecraft) [System] [CHAT] 成功设置命令：/player @p' title set aaabbbccc
[00:25:13] [Server thread/INFO] (Minecraft) Saving and pausing game...
[00:25:13] [Server thread/INFO] (Minecraft) Saving chunks for level 'ServerLevel[新的世界]'/minecraft:overworld
[00:25:13] [Server thread/INFO] (Minecraft) Saving chunks for level 'ServerLevel[新的世界]'/minecraft:the_nether
[00:25:13] [Server thread/INFO] (Minecraft) Saving chunks for level 'ServerLevel[新的世界]'/minecraft:the_end
[00:25:15] [Render thread/INFO] (Minecraft) [System] [CHAT] 成功设置命令：/player @p' title set aaabbbccc
[00:25:16] [Server thread/INFO] (Minecraft) Saving and pausing game...
[00:25:16] [Server thread/INFO] (Minecraft) Saving chunks for level 'ServerLevel[新的世界]'/minecraft:overworld
[00:25:16] [Server thread/INFO] (Minecraft) Saving chunks for level 'ServerLevel[新的世界]'/minecraft:the_nether
[00:25:16] [Server thread/INFO] (Minecraft) Saving chunks for level 'ServerLevel[新的世界]'/minecraft:the_end
[00:25:20] [Render thread/INFO] (Minecraft) [System] [CHAT] 成功设置命令：/player @s title set aaabbbccc
[00:25:21] [Server thread/INFO] (Minecraft) Saving and pausing game...
[00:25:21] [Server thread/INFO] (Minecraft) Saving chunks for level 'ServerLevel[新的世界]'/minecraft:overworld
[00:25:21] [Server thread/INFO] (Minecraft) Saving chunks for level 'ServerLevel[新的世界]'/minecraft:the_nether
[00:25:21] [Server thread/INFO] (Minecraft) Saving chunks for level 'ServerLevel[新的世界]'/minecraft:the_end
[00:25:23] [Render thread/INFO] (Minecraft) [System] [CHAT] 成功设置命令：/player @p title set aaabbbccc
[00:25:27] [Server thread/INFO] (Minecraft) Saving and pausing game...
[00:25:27] [Server thread/INFO] (Minecraft) Saving chunks for level 'ServerLevel[新的世界]'/minecraft:overworld
[00:25:27] [Server thread/INFO] (Minecraft) Saving chunks for level 'ServerLevel[新的世界]'/minecraft:the_nether
[00:25:27] [Server thread/INFO] (Minecraft) Saving chunks for level 'ServerLevel[新的世界]'/minecraft:the_end
[00:25:29] [Render thread/INFO] (Minecraft) [System] [CHAT] 成功设置命令：/player @p title reset
[00:25:53] [Server thread/INFO] (Minecraft) Saving and pausing game...
[00:25:53] [Server thread/INFO] (Minecraft) Saving chunks for level 'ServerLevel[新的世界]'/minecraft:overworld
[00:25:53] [Server thread/INFO] (Minecraft) Saving chunks for level 'ServerLevel[新的世界]'/minecraft:the_nether
[00:25:53] [Server thread/INFO] (Minecraft) Saving chunks for level 'ServerLevel[新的世界]'/minecraft:the_end
[00:26:06] [Server thread/INFO] (Minecraft) Saving and pausing game...
[00:26:06] [Server thread/INFO] (Minecraft) Saving chunks for level 'ServerLevel[新的世界]'/minecraft:overworld
[00:26:06] [Server thread/INFO] (Minecraft) Saving chunks for level 'ServerLevel[新的世界]'/minecraft:the_nether
[00:26:06] [Server thread/INFO] (Minecraft) Saving chunks for level 'ServerLevel[新的世界]'/minecraft:the_end
[00:30:43] [Thread-1/INFO] (Minecraft) [STDOUT]: [Architectury Transformer] Detected File Modification at extra_command-common-1.0.0-dev.jar
[00:30:43] [Thread-1/INFO] (Minecraft) [STDOUT]: [Architectury Transformer] Redefined 2 class(es) from D:\proj\extra_command-1.21-fabric-neoforge-quilt-template\common\build\devlibs\extra_command-common-1.0.0-dev.jar in 43.73 ms
[00:30:48] [Thread-1/INFO] (Minecraft) [STDOUT]: [Architectury Transformer] Detected File Modification at extra_command-common-1.0.0-dev.jar
[00:30:49] [Render thread/INFO] (Minecraft) [System] [CHAT] title 
[00:30:50] [Render thread/INFO] (Minecraft) [System] [CHAT] title 
[00:30:51] [Render thread/INFO] (Minecraft) [System] [CHAT] title 
[00:31:00] [Render thread/INFO] (Minecraft) [System] [CHAT] title 
[00:31:00] [Render thread/INFO] (Minecraft) [System] [CHAT] java.lang.ArrayIndexOutOfBoundsException: Index 3 out of bounds for length 3
[00:31:09] [Thread-1/INFO] (Minecraft) [STDOUT]: [Architectury Transformer] Detected File Modification at extra_command-common-1.0.0-dev.jar
[00:31:09] [Thread-1/INFO] (Minecraft) [STDOUT]: [Architectury Transformer] Redefined 1 class(es) from D:\proj\extra_command-1.21-fabric-neoforge-quilt-template\common\build\devlibs\extra_command-common-1.0.0-dev.jar in 39.49 ms
[00:31:09] [Render thread/INFO] (Minecraft) [System] [CHAT] title size 
[00:31:10] [Render thread/INFO] (Minecraft) [System] [CHAT] get_height get_weight set 
[00:31:11] [Render thread/INFO] (Minecraft) [System] [CHAT] get_height get_weight set 
[00:31:11] [Render thread/INFO] (Minecraft) [System] [CHAT] get_height get_weight set 
[00:31:12] [Render thread/INFO] (Minecraft) [System] [CHAT] get_height get_weight set 
[00:31:12] [Render thread/INFO] (Minecraft) [System] [CHAT] get_height get_weight set 
[00:31:12] [Render thread/INFO] (Minecraft) [System] [CHAT] get_height get_weight set 
[00:31:13] [Render thread/INFO] (Minecraft) [System] [CHAT] java.lang.ArrayIndexOutOfBoundsException: Index 4 out of bounds for length 4
[00:31:14] [Thread-1/INFO] (Minecraft) [STDOUT]: [Architectury Transformer] Detected File Modification at extra_command-common-1.0.0-dev.jar
[00:31:23] [Server thread/INFO] (Minecraft) Saving and pausing game...
[00:31:23] [Server thread/INFO] (Minecraft) Saving chunks for level 'ServerLevel[新的世界]'/minecraft:overworld
[00:31:23] [Server thread/INFO] (Minecraft) Saving chunks for level 'ServerLevel[新的世界]'/minecraft:the_nether
[00:31:24] [Server thread/INFO] (Minecraft) Saving chunks for level 'ServerLevel[新的世界]'/minecraft:the_end
[00:31:29] [Server thread/INFO] (Minecraft) Saving and pausing game...
[00:31:29] [Server thread/INFO] (Minecraft) Saving chunks for level 'ServerLevel[新的世界]'/minecraft:overworld
[00:31:29] [Server thread/INFO] (Minecraft) Saving chunks for level 'ServerLevel[新的世界]'/minecraft:the_nether
[00:31:29] [Server thread/INFO] (Minecraft) Saving chunks for level 'ServerLevel[新的世界]'/minecraft:the_end
[00:36:56] [Server thread/INFO] (Minecraft) Saving and pausing game...
[00:36:56] [Server thread/INFO] (Minecraft) Saving chunks for level 'ServerLevel[新的世界]'/minecraft:overworld
[00:36:56] [Server thread/INFO] (Minecraft) Saving chunks for level 'ServerLevel[新的世界]'/minecraft:the_nether
[00:36:56] [Server thread/INFO] (Minecraft) Saving chunks for level 'ServerLevel[新的世界]'/minecraft:the_end
[00:36:57] [Thread-1/INFO] (Minecraft) [STDOUT]: [Architectury Transformer] Detected File Modification at extra_command-common-1.0.0-dev.jar
[00:36:57] [Thread-1/INFO] (Minecraft) [STDOUT]: [Architectury Transformer] Redefined 1 class(es) from D:\proj\extra_command-1.21-fabric-neoforge-quilt-template\common\build\devlibs\extra_command-common-1.0.0-dev.jar in 41.55 ms
[00:37:02] [Thread-1/INFO] (Minecraft) [STDOUT]: [Architectury Transformer] Detected File Modification at extra_command-common-1.0.0-dev.jar
[00:37:04] [Server thread/INFO] (Minecraft) Saving and pausing game...
[00:37:04] [Server thread/INFO] (Minecraft) Saving chunks for level 'ServerLevel[新的世界]'/minecraft:overworld
[00:37:04] [Server thread/INFO] (Minecraft) Saving chunks for level 'ServerLevel[新的世界]'/minecraft:the_nether
[00:37:04] [Server thread/INFO] (Minecraft) Saving chunks for level 'ServerLevel[新的世界]'/minecraft:the_end
[00:37:18] [Server thread/INFO] (Minecraft) Saving and pausing game...
[00:37:18] [Server thread/INFO] (Minecraft) Saving chunks for level 'ServerLevel[新的世界]'/minecraft:overworld
[00:37:18] [Server thread/INFO] (Minecraft) Saving chunks for level 'ServerLevel[新的世界]'/minecraft:the_nether
[00:37:18] [Server thread/INFO] (Minecraft) Saving chunks for level 'ServerLevel[新的世界]'/minecraft:the_end
[00:37:32] [Server thread/INFO] (Minecraft) Saving and pausing game...
[00:37:32] [Server thread/INFO] (Minecraft) Saving chunks for level 'ServerLevel[新的世界]'/minecraft:overworld
[00:37:32] [Server thread/INFO] (Minecraft) Saving chunks for level 'ServerLevel[新的世界]'/minecraft:the_nether
[00:37:32] [Server thread/INFO] (Minecraft) Saving chunks for level 'ServerLevel[新的世界]'/minecraft:the_end
[00:37:46] [Server thread/INFO] (Minecraft) Saving and pausing game...
[00:37:46] [Server thread/INFO] (Minecraft) Saving chunks for level 'ServerLevel[新的世界]'/minecraft:overworld
[00:37:46] [Server thread/INFO] (Minecraft) Saving chunks for level 'ServerLevel[新的世界]'/minecraft:the_nether
[00:37:46] [Server thread/INFO] (Minecraft) Saving chunks for level 'ServerLevel[新的世界]'/minecraft:the_end
[00:41:19] [Thread-1/INFO] (Minecraft) [STDOUT]: [Architectury Transformer] Detected File Modification at extra_command-common-1.0.0-dev.jar
[00:41:20] [Thread-1/INFO] (Minecraft) [STDOUT]: [Architectury Transformer] Redefined 2 class(es) from D:\proj\extra_command-1.21-fabric-neoforge-quilt-template\common\build\devlibs\extra_command-common-1.0.0-dev.jar in 136.8 ms
[00:41:25] [Thread-1/INFO] (Minecraft) [STDOUT]: [Architectury Transformer] Detected File Modification at extra_command-common-1.0.0-dev.jar
[00:41:43] [Server thread/INFO] (Minecraft) Saving and pausing game...
[00:41:43] [Server thread/INFO] (Minecraft) Saving chunks for level 'ServerLevel[新的世界]'/minecraft:overworld
[00:41:43] [Server thread/INFO] (Minecraft) Saving chunks for level 'ServerLevel[新的世界]'/minecraft:the_nether
[00:41:44] [Server thread/INFO] (Minecraft) Saving chunks for level 'ServerLevel[新的世界]'/minecraft:the_end
[00:42:00] [Render thread/INFO] (Minecraft) [System] [CHAT] get_height get_weight set set_fulled set_windowed 
[00:42:01] [Render thread/INFO] (Minecraft) [System] [CHAT] get_height get_weight set set_fulled set_windowed 
[00:42:01] [Render thread/INFO] (Minecraft) [System] [CHAT] get_height get_weight set set_fulled set_windowed 
[00:42:02] [Render thread/INFO] (Minecraft) [System] [CHAT] get_height get_weight set set_fulled set_windowed 
[00:42:02] [Render thread/INFO] (Minecraft) [System] [CHAT] get_height get_weight set set_fulled set_windowed 
[00:42:02] [Render thread/INFO] (Minecraft) [System] [CHAT] get_height get_weight set set_fulled set_windowed 
[00:42:02] [Render thread/INFO] (Minecraft) [System] [CHAT] get_height get_weight set set_fulled set_windowed 
[00:42:03] [Render thread/INFO] (Minecraft) [System] [CHAT] get_height get_weight set set_fulled set_windowed 
[00:42:03] [Render thread/INFO] (Minecraft) [System] [CHAT] get_height get_weight set set_fulled set_windowed 
[00:42:03] [Render thread/INFO] (Minecraft) [System] [CHAT] get_height get_weight set set_fulled set_windowed 
[00:42:03] [Render thread/INFO] (Minecraft) [System] [CHAT] get_height get_weight set set_fulled set_windowed 
[00:42:04] [Render thread/INFO] (Minecraft) [System] [CHAT] get_height get_weight set set_fulled set_windowed 
[00:42:04] [Render thread/INFO] (Minecraft) [System] [CHAT] get_height get_weight set set_fulled set_windowed 
[00:42:04] [Render thread/INFO] (Minecraft) [System] [CHAT] get_height get_weight set set_fulled set_windowed 
[00:42:04] [Render thread/INFO] (Minecraft) [System] [CHAT] get_height get_weight set set_fulled set_windowed 
[00:42:05] [Render thread/INFO] (Minecraft) [System] [CHAT] get_height get_weight set set_fulled set_windowed 
[00:42:05] [Render thread/INFO] (Minecraft) [System] [CHAT] get_height get_weight set set_fulled set_windowed 
[00:42:05] [Render thread/INFO] (Minecraft) [System] [CHAT] get_height get_weight set set_fulled set_windowed 
[00:42:06] [Render thread/INFO] (Minecraft) [System] [CHAT] get_height get_weight set set_fulled set_windowed 
[00:42:06] [Render thread/INFO] (Minecraft) [System] [CHAT] get_height get_weight set set_fulled set_windowed 
[00:42:06] [Render thread/INFO] (Minecraft) [System] [CHAT] get_height get_weight set set_fulled set_windowed 
[00:42:07] [Render thread/INFO] (Minecraft) [System] [CHAT] get_height get_weight set set_fulled set_windowed 
[00:42:08] [Render thread/INFO] (Minecraft) [System] [CHAT] get_height get_weight set set_fulled set_windowed 
[00:42:08] [Render thread/INFO] (Minecraft) [System] [CHAT] get_height get_weight set set_fulled set_windowed 
[00:42:08] [Render thread/INFO] (Minecraft) [System] [CHAT] get_height get_weight set set_fulled set_windowed 
[00:42:08] [Render thread/INFO] (Minecraft) [System] [CHAT] get_height get_weight set set_fulled set_windowed 
[00:42:38] [Thread-1/INFO] (Minecraft) [STDOUT]: [Architectury Transformer] Detected File Modification at extra_command-common-1.0.0-dev.jar
[00:42:39] [Thread-1/INFO] (Minecraft) [STDOUT]: [Architectury Transformer] Redefined 1 class(es) from D:\proj\extra_command-1.21-fabric-neoforge-quilt-template\common\build\devlibs\extra_command-common-1.0.0-dev.jar in 123.6 ms
[00:42:44] [Thread-1/INFO] (Minecraft) [STDOUT]: [Architectury Transformer] Detected File Modification at extra_command-common-1.0.0-dev.jar
[00:43:40] [Render thread/INFO] (Minecraft) [System] [CHAT] window_title window_size 
[00:43:40] [Thread-1/INFO] (Minecraft) [STDOUT]: [Architectury Transformer] Detected File Modification at extra_command-common-1.0.0-dev.jar
[00:43:40] [Thread-1/INFO] (Minecraft) [STDOUT]: [Architectury Transformer] Redefined 1 class(es) from D:\proj\extra_command-1.21-fabric-neoforge-quilt-template\common\build\devlibs\extra_command-common-1.0.0-dev.jar in 56.65 ms
[00:43:41] [Render thread/INFO] (Minecraft) [System] [CHAT] window_title window_size 
[00:43:42] [Render thread/INFO] (Minecraft) [System] [CHAT] window_title window_size 
[00:43:43] [Render thread/INFO] (Minecraft) [System] [CHAT] set reset 
[00:43:44] [Render thread/INFO] (Minecraft) [System] [CHAT] No Suggestions!
[00:43:45] [Thread-1/INFO] (Minecraft) [STDOUT]: [Architectury Transformer] Detected File Modification at extra_command-common-1.0.0-dev.jar
[00:43:54] [Render thread/INFO] (Minecraft) [System] [CHAT] window_title window_size 
[00:43:55] [Render thread/INFO] (Minecraft) [System] [CHAT] window_title window_size 
[00:43:55] [Render thread/INFO] (Minecraft) [System] [CHAT] get_height get_weight set set_fulled set_windowed 
[00:43:57] [Render thread/INFO] (Minecraft) [System] [CHAT] get_height get_weight set set_fulled set_windowed 
[00:43:57] [Render thread/INFO] (Minecraft) [System] [CHAT] get_height get_weight set set_fulled set_windowed 
[00:43:58] [Render thread/INFO] (Minecraft) [System] [CHAT] No Suggestions!
[00:44:14] [Render thread/INFO] (Minecraft) [System] [CHAT] get_height get_weight set set_fulled set_windowed 
[00:44:15] [Render thread/INFO] (Minecraft) [System] [CHAT] get_height get_weight set set_fulled set_windowed 
[00:44:15] [Render thread/INFO] (Minecraft) [System] [CHAT] get_height get_weight set set_fulled set_windowed 
[00:44:16] [Render thread/INFO] (Minecraft) [System] [CHAT] get_height get_weight set set_fulled set_windowed 
[00:44:21] [Render thread/INFO] (Minecraft) [System] [CHAT] window_title window_size 
[00:44:23] [Render thread/INFO] (Minecraft) [System] [CHAT] get_height get_weight set set_fulled set_windowed 
[00:44:24] [Render thread/INFO] (Minecraft) [System] [CHAT] get_height get_weight set set_fulled set_windowed 
[00:45:25] [Server thread/INFO] (Minecraft) Saving and pausing game...
[00:45:25] [Server thread/INFO] (Minecraft) Saving chunks for level 'ServerLevel[新的世界]'/minecraft:overworld
[00:45:25] [Server thread/INFO] (Minecraft) Saving chunks for level 'ServerLevel[新的世界]'/minecraft:the_nether
[00:45:25] [Server thread/INFO] (Minecraft) Saving chunks for level 'ServerLevel[新的世界]'/minecraft:the_end
